<?xml version="1.0" encoding="UTF-8"?>
<!-- Generated by org.testng.reporters.JUnitXMLReporter -->
<testsuite ignored="0" hostname="YUVARAJ_UV" failures="0" tests="3" name="search" time="16.812" errors="0" timestamp="2025-03-25T19:05:40 IST">
  <testcase classname="com.test.PageObjectModelbasics.DataProviderExcel" name="search" time="9.338"/>
  <testcase classname="com.test.PageObjectModelbasics.DataProviderExcel" name="search" time="9.168"/>
  <testcase classname="com.test.PageObjectModelbasics.DataProviderExcel" name="search" time="8.945"/>
</testsuite> <!-- search -->
