<?xml version="1.0" encoding="UTF-8"?>
<!-- Generated by org.testng.reporters.JUnitXMLReporter -->
<testsuite ignored="0" hostname="YUVARAJ_UV" failures="0" tests="4" name="Test2" time="5.104" errors="0" timestamp="2025-03-21T12:05:36 IST">
  <testcase classname="com.test.basics.Assert" name="testAssertion" time="0.017"/>
  <testcase classname="com.test.basics.AnnotationExample" name="Login" time="0.001"/>
  <testcase classname="com.test.basics.AnnotationExample" name="Logout" time="0.002"/>
  <testcase classname="com.test.basics.Demo1" name="f" time="1.013"/>
</testsuite> <!-- Test2 -->
