<?xml version="1.0" encoding="UTF-8"?>
<!-- Generated by org.testng.reporters.JUnitXMLReporter -->
<testsuite ignored="1" hostname="YUVARAJ_UV" failures="0" tests="2" name="Test_AssertExample" time="0.083" errors="0" timestamp="2025-03-21T14:29:07 IST">
  <testcase classname="com.test.basics.GroupsDemo" name="f1" time="0.014"/>
  <testcase classname="com.test.basics.GroupsDemo" name="f2" time="0.001"/>
  <testcase classname="com.test.basics.GroupsDemo" name="f" time="0.0">
    <ignored/>
  </testcase> <!-- f -->
</testsuite> <!-- Test_AssertExample -->
