<?xml version="1.0" encoding="UTF-8"?>
<testng-results ignored="0" total="1" passed="1" failed="0" skipped="0">
  <reporter-output>
  </reporter-output>
  <suite started-at="2025-03-20T20:08:01 IST" name="Default suite" finished-at="2025-03-20T20:08:04 IST" duration-ms="3079">
    <groups>
    </groups>
    <test started-at="2025-03-20T20:08:01 IST" name="Default test" finished-at="2025-03-20T20:08:04 IST" duration-ms="3079">
      <class name="com.test.basics.AssertExample">
        <test-method is-config="true" signature="beforeTest()[pri:0, instance:com.test.basics.AssertExample@7966baa7]" started-at="2025-03-20T20:08:01 IST" name="beforeTest" finished-at="2025-03-20T20:08:04 IST" duration-ms="2605" status="PASS">
          <reporter-output>
          </reporter-output>
        </test-method> <!-- beforeTest -->
        <test-method signature="verifyTitle()[pri:0, instance:com.test.basics.AssertExample@7966baa7]" started-at="2025-03-20T20:08:04 IST" name="verifyTitle" finished-at="2025-03-20T20:08:04 IST" duration-ms="21" status="PASS">
          <reporter-output>
          </reporter-output>
        </test-method> <!-- verifyTitle -->
        <test-method is-config="true" signature="afterTest()[pri:0, instance:com.test.basics.AssertExample@7966baa7]" started-at="2025-03-20T20:08:04 IST" name="afterTest" finished-at="2025-03-20T20:08:04 IST" duration-ms="408" status="PASS">
          <reporter-output>
          </reporter-output>
        </test-method> <!-- afterTest -->
      </class> <!-- com.test.basics.AssertExample -->
    </test> <!-- Default test -->
  </suite> <!-- Default suite -->
</testng-results>
