<?xml version="1.0" encoding="UTF-8"?>
<testng-results ignored="0" total="1" passed="1" failed="0" skipped="0">
  <reporter-output>
  </reporter-output>
  <suite started-at="2025-03-21T10:18:26 IST" name="Default suite" finished-at="2025-03-21T10:18:27 IST" duration-ms="81">
    <groups>
    </groups>
    <test started-at="2025-03-21T10:18:26 IST" name="Default test" finished-at="2025-03-21T10:18:27 IST" duration-ms="81">
      <class name="com.test.basics.Assert">
        <test-method is-config="true" signature="beforeTest()[pri:0, instance:com.test.basics.Assert@6025e1b6]" started-at="2025-03-21T10:18:26 IST" name="beforeTest" finished-at="2025-03-21T10:18:27 IST" duration-ms="16" status="PASS">
          <reporter-output>
          </reporter-output>
        </test-method> <!-- beforeTest -->
        <test-method signature="testAssertion()[pri:0, instance:com.test.basics.Assert@6025e1b6]" started-at="2025-03-21T10:18:27 IST" name="testAssertion" finished-at="2025-03-21T10:18:27 IST" duration-ms="12" status="PASS">
          <reporter-output>
          </reporter-output>
        </test-method> <!-- testAssertion -->
        <test-method is-config="true" signature="afterTest()[pri:0, instance:com.test.basics.Assert@6025e1b6]" started-at="2025-03-21T10:18:27 IST" name="afterTest" finished-at="2025-03-21T10:18:27 IST" duration-ms="1" status="PASS">
          <reporter-output>
          </reporter-output>
        </test-method> <!-- afterTest -->
      </class> <!-- com.test.basics.Assert -->
    </test> <!-- Default test -->
  </suite> <!-- Default suite -->
</testng-results>
